<?xml version="1.0" encoding="UTF-8"?>
<!-- Generated by org.testng.reporters.JUnitReportReporter -->
<testsuite skipped="0" hostname="Local-Host" name="reports.ReportToSharePoint" tests="1" failures="0" timestamp="2020-07-04T01:22:53 IST" time="267.453" errors="0">
  <testcase name="SharePointUpload" time="267.453" classname="reports.ReportToSharePoint"/>
  <system-out/>
</testsuite> <!-- reports.ReportToSharePoint -->
