<?xml version="1.0" encoding="UTF-8"?>
<!-- Generated by org.testng.reporters.JUnitReportReporter -->
<testsuite skipped="0" hostname="Local-Host" name="ReportToSharePoint.ReportToSharePoint.ReportToSharePoint" tests="1" failures="0" timestamp="2020-07-03T23:11:35 IST" time="218.965" errors="0">
  <testcase name="SharePointUpload" time="218.965" classname="ReportToSharePoint.ReportToSharePoint.ReportToSharePoint"/>
  <system-out/>
</testsuite> <!-- ReportToSharePoint.ReportToSharePoint.ReportToSharePoint -->
