<?xml version="1.0" encoding="UTF-8"?>
<!-- Generated by org.testng.reporters.JUnitReportReporter -->
<testsuite skipped="0" hostname="Local-Host" name="test.ExtentReportsDemoWithTestNG" tests="1" failures="0" timestamp="2020-06-19T03:33:48 IST" time="4.599" errors="0">
  <testcase name="test1" time="4.599" classname="test.ExtentReportsDemoWithTestNG"/>
  <system-out/>
</testsuite> <!-- test.ExtentReportsDemoWithTestNG -->
